\BOOKMARK [1][-]{section.1}{\376\377\000I\000n\000d\000l\000e\000d\000n\000i\000n\000g}{}% 1
\BOOKMARK [2][-]{subsection.1.1}{\376\377\000P\000r\000o\000j\000e\000k\000t\000s\000t\000y\000r\000i\000n\000g}{section.1}% 2
\BOOKMARK [2][-]{subsection.1.2}{\376\377\000P\000r\000o\000b\000l\000e\000m\000i\000d\000e\000n\000t\000i\000f\000i\000k\000a\000t\000i\000o\000n}{section.1}% 3
\BOOKMARK [2][-]{subsection.1.3}{\376\377\000L\000y\000s\000k\000u\000r\000v\000e\000n}{section.1}% 4
\BOOKMARK [2][-]{subsection.1.4}{\376\377\000A\000f\000g\000r\000\346\000n\000s\000n\000i\000n\000g}{section.1}% 5
\BOOKMARK [1][-]{section.2}{\376\377\000P\000r\000o\000b\000l\000e\000m\000f\000o\000r\000m\000u\000l\000e\000r\000i\000n\000g}{}% 6
\BOOKMARK [1][-]{section.3}{\376\377\000P\000r\000o\000b\000l\000e\000m\000a\000n\000a\000l\000y\000s\000e}{}% 7
\BOOKMARK [2][-]{subsection.3.1}{\376\377\000S\000p\000\370\000r\000g\000s\000m\000\345\000l\000\040\000A}{section.3}% 8
\BOOKMARK [3][-]{subsubsection.3.1.1}{\376\377\000B\000e\000s\000k\000r\000i\000v\000e\000l\000s\000e\000\040\000a\000f\000\040\000H\000V\000-\000m\000o\000d\000e\000l\000l\000e\000n}{subsection.3.1}% 9
\BOOKMARK [2][-]{subsection.3.2}{\376\377\000S\000p\000\370\000r\000g\000s\000m\000\345\000l\000\040\000B}{section.3}% 10
\BOOKMARK [2][-]{subsection.3.3}{\376\377\000M\000i\000l\000j\000\370\000o\000v\000e\000r\000v\000e\000j\000e\000l\000s\000e\000r}{section.3}% 11
\BOOKMARK [2][-]{subsection.3.4}{\376\377\000B\000r\000u\000g\000\040\000a\000f\000\040\000e\000m\000p\000i\000r\000i}{section.3}% 12
\BOOKMARK [1][-]{section.4}{\376\377\000P\000r\000o\000d\000u\000k\000t\000p\000r\000i\000n\000c\000i\000p}{}% 13
\BOOKMARK [2][-]{subsection.4.1}{\376\377\000K\000r\000a\000v\000\040\000t\000i\000l\000\040\000p\000r\000o\000d\000u\000k\000t\000e\000t}{section.4}% 14
\BOOKMARK [2][-]{subsection.4.2}{\376\377\000L\000\370\000s\000n\000i\000n\000g\000s\000k\000o\000n\000c\000e\000p\000t\000e\000r}{section.4}% 15
\BOOKMARK [3][-]{subsubsection.4.2.1}{\376\377\000K\000o\000n\000c\000e\000p\000t\000\040\0001}{subsection.4.2}% 16
\BOOKMARK [3][-]{subsubsection.4.2.2}{\376\377\000K\000o\000n\000c\000e\000p\000t\000\040\0002}{subsection.4.2}% 17
\BOOKMARK [2][-]{subsection.4.3}{\376\377\000K\000o\000n\000k\000u\000r\000r\000e\000n\000t\000a\000n\000a\000l\000y\000s\000e}{section.4}% 18
\BOOKMARK [2][-]{subsection.4.4}{\376\377\000E\000n\000d\000e\000l\000i\000g\000t\000\040\000p\000r\000o\000d\000u\000k\000t}{section.4}% 19
\BOOKMARK [1][-]{section*.2}{\376\377\000L\000i\000t\000t\000e\000r\000a\000t\000u\000r\000l\000i\000s\000t\000e}{}% 20
\BOOKMARK [1][-]{section*.3}{\376\377\000A\000p\000p\000e\000n\000d\000i\000k\000s}{}% 21
\BOOKMARK [2][-]{subsection.1..1}{\376\377\000P\000r\000o\000j\000e\000k\000t\000b\000e\000s\000k\000r\000i\000v\000e\000l\000s\000e\000\040}{section*.3}% 22
\BOOKMARK [2][-]{subsection.1..2}{\376\377\000D\000i\000a\000g\000r\000a\000m\000m\000e\000r\000\040\000f\000r\000a\000\040\000s\000p\000\370\000r\000g\000e\000s\000k\000e\000m\000a\000u\000n\000d\000e\000r\000s\000\370\000g\000e\000l\000s\000e\000\040}{section*.3}% 23
